<?xml version="1.0" encoding="utf-8"?><testsuites name="pytest tests"><testsuite name="pytest" errors="0" failures="0" skipped="0" tests="25" time="0.799" timestamp="2025-10-12T08:49:35.598077+01:00" hostname="MacBookPro.lan"><testcase classname="tests.test_features.TestURLFeatureExtractor" name="test_initialization" time="0.002" /><testcase classname="tests.test_features.TestURLFeatureExtractor" name="test_fit" time="0.003" /><testcase classname="tests.test_features.TestURLFeatureExtractor" name="test_fit_missing_url_column" time="0.001" /><testcase classname="tests.test_features.TestURLFeatureExtractor" name="test_transform" time="0.005" /><testcase classname="tests.test_features.TestURLFeatureExtractor" name="test_url_length_extraction" time="0.002" /><testcase classname="tests.test_features.TestURLFeatureExtractor" name="test_url_shortening_detection" time="0.002" /><testcase classname="tests.test_features.TestURLFeatureExtractor" name="test_ip_address_detection" time="0.002" /><testcase classname="tests.test_features.TestDomainFeatureExtractor" name="test_initialization" time="0.001" /><testcase classname="tests.test_features.TestDomainFeatureExtractor" name="test_domain_age_extraction" time="0.003" /><testcase classname="tests.test_features.TestDomainFeatureExtractor" name="test_ssl_validity_extraction" time="0.002" /><testcase classname="tests.test_features.TestContentFeatureExtractor" name="test_initialization" time="0.000" /><testcase classname="tests.test_features.TestContentFeatureExtractor" name="test_suspicious_keywords_extraction" time="0.003" /><testcase classname="tests.test_features.TestContentFeatureExtractor" name="test_title_length_extraction" time="0.003" /><testcase classname="tests.test_features.TestFeatureEngineer" name="test_add_extractor" time="0.000" /><testcase classname="tests.test_features.TestFeatureEngineer" name="test_fit_transform" time="0.008" /><testcase classname="tests.test_features.TestPhishingFeaturePipeline" name="test_pipeline_creation" time="0.001" /><testcase classname="tests.test_features.TestPhishingFeaturePipeline" name="test_fit_transform" time="0.012" /><testcase classname="tests.test_features.TestPhishingFeaturePipeline" name="test_feature_categories" time="0.001" /><testcase classname="tests.test_features.TestPhishingFeaturePipeline" name="test_validation_errors" time="0.001" /><testcase classname="tests.test_features.TestPhishingFeaturePipeline" name="test_transform_without_fit" time="0.001" /><testcase classname="tests.test_features.TestPhishingFeaturePipeline" name="test_save_load_pipeline" time="0.015" /><testcase classname="tests.test_features.TestEdgeCases" name="test_null_url_handling" time="0.012" /><testcase classname="tests.test_features.TestEdgeCases" name="test_malformed_url_handling" time="0.010" /><testcase classname="tests.test_features.TestEdgeCases" name="test_very_long_url" time="0.009" /><testcase classname="tests.test_smoke" name="test_repo_boots" time="0.000" /></testsuite></testsuites>