{"meta": {"format": 3, "version": "7.10.7", "timestamp": "2025-10-12T08:49:36.364297", "branch_coverage": false, "show_contexts": false}, "files": {"src/features/__init__.py": {"executed_lines": [1, 15, 16, 17, 18, 20], "summary": {"covered_lines": 5, "num_statements": 5, "percent_covered": 100.0, "percent_covered_display": "100", "missing_lines": 0, "excluded_lines": 0}, "missing_lines": [], "excluded_lines": [], "functions": {"": {"executed_lines": [1, 15, 16, 17, 18, 20], "summary": {"covered_lines": 5, "num_statements": 5, "percent_covered": 100.0, "percent_covered_display": "100", "missing_lines": 0, "excluded_lines": 0}, "missing_lines": [], "excluded_lines": []}}, "classes": {"": {"executed_lines": [1, 15, 16, 17, 18, 20], "summary": {"covered_lines": 5, "num_statements": 5, "percent_covered": 100.0, "percent_covered_display": "100", "missing_lines": 0, "excluded_lines": 0}, "missing_lines": [], "excluded_lines": []}}}, "src/features/base.py": {"executed_lines": [1, 9, 10, 11, 12, 13, 16, 17, 20, 21, 29, 36, 37, 39, 40, 55, 56, 68, 80, 82, 85, 86, 94, 96, 97, 98, 100, 110, 111, 112, 113, 115, 125, 127, 128, 129, 131, 132, 133, 135, 145, 148, 151, 154, 155, 156, 157, 159, 160, 162, 172, 174, 176, 178], "summary": {"covered_lines": 51, "num_statements": 60, "percent_covered": 85.0, "percent_covered_display": "85", "missing_lines": 9, "excluded_lines": 0}, "missing_lines": [53, 66, 78, 146, 185, 186, 187, 188, 192], "excluded_lines": [], "functions": {"BaseFeatureExtractor.__init__": {"executed_lines": [36, 37], "summary": {"covered_lines": 2, "num_statements": 2, "percent_covered": 100.0, "percent_covered_display": "100", "missing_lines": 0, "excluded_lines": 0}, "missing_lines": [], "excluded_lines": []}, "BaseFeatureExtractor.fit": {"executed_lines": [], "summary": {"covered_lines": 0, "num_statements": 1, "percent_covered": 0.0, "percent_covered_display": "0", "missing_lines": 1, "excluded_lines": 0}, "missing_lines": [53], "excluded_lines": []}, "BaseFeatureExtractor.transform": {"executed_lines": [], "summary": {"covered_lines": 0, "num_statements": 1, "percent_covered": 0.0, "percent_covered_display": "0", "missing_lines": 1, "excluded_lines": 0}, "missing_lines": [66], "excluded_lines": []}, "BaseFeatureExtractor.fit_transform": {"executed_lines": [], "summary": {"covered_lines": 0, "num_statements": 1, "percent_covered": 0.0, "percent_covered_display": "0", "missing_lines": 1, "excluded_lines": 0}, "missing_lines": [78], "excluded_lines": []}, "BaseFeatureExtractor.get_feature_names": {"executed_lines": [82], "summary": {"covered_lines": 1, "num_statements": 1, "percent_covered": 100.0, "percent_covered_display": "100", "missing_lines": 0, "excluded_lines": 0}, "missing_lines": [], "excluded_lines": []}, "FeatureEngineer.__init__": {"executed_lines": [96, 97, 98], "summary": {"covered_lines": 3, "num_statements": 3, "percent_covered": 100.0, "percent_covered_display": "100", "missing_lines": 0, "excluded_lines": 0}, "missing_lines": [], "excluded_lines": []}, "FeatureEngineer.add_extractor": {"executed_lines": [110, 111, 112, 113], "summary": {"covered_lines": 4, "num_statements": 4, "percent_covered": 100.0, "percent_covered_display": "100", "missing_lines": 0, "excluded_lines": 0}, "missing_lines": [], "excluded_lines": []}, "FeatureEngineer.fit": {"executed_lines": [125, 127, 128, 129, 131, 132, 133], "summary": {"covered_lines": 7, "num_statements": 7, "percent_covered": 100.0, "percent_covered_display": "100", "missing_lines": 0, "excluded_lines": 0}, "missing_lines": [], "excluded_lines": []}, "FeatureEngineer.transform": {"executed_lines": [145, 148, 151, 154, 155, 156, 157, 159, 160], "summary": {"covered_lines": 9, "num_statements": 10, "percent_covered": 90.0, "percent_covered_display": "90", "missing_lines": 1, "excluded_lines": 0}, "missing_lines": [146], "excluded_lines": []}, "FeatureEngineer.fit_transform": {"executed_lines": [172], "summary": {"covered_lines": 1, "num_statements": 1, "percent_covered": 100.0, "percent_covered_display": "100", "missing_lines": 0, "excluded_lines": 0}, "missing_lines": [], "excluded_lines": []}, "FeatureEngineer.get_feature_names": {"executed_lines": [176], "summary": {"covered_lines": 1, "num_statements": 1, "percent_covered": 100.0, "percent_covered_display": "100", "missing_lines": 0, "excluded_lines": 0}, "missing_lines": [], "excluded_lines": []}, "FeatureEngineer.get_feature_importance_info": {"executed_lines": [], "summary": {"covered_lines": 0, "num_statements": 5, "percent_covered": 0.0, "percent_covered_display": "0", "missing_lines": 5, "excluded_lines": 0}, "missing_lines": [185, 186, 187, 188, 192], "excluded_lines": []}, "": {"executed_lines": [1, 9, 10, 11, 12, 13, 16, 17, 20, 21, 29, 39, 40, 55, 56, 68, 80, 85, 86, 94, 100, 115, 135, 162, 174, 178], "summary": {"covered_lines": 23, "num_statements": 23, "percent_covered": 100.0, "percent_covered_display": "100", "missing_lines": 0, "excluded_lines": 0}, "missing_lines": [], "excluded_lines": []}}, "classes": {"BaseFeatureExtractor": {"executed_lines": [36, 37, 82], "summary": {"covered_lines": 3, "num_statements": 6, "percent_covered": 50.0, "percent_covered_display": "50", "missing_lines": 3, "excluded_lines": 0}, "missing_lines": [53, 66, 78], "excluded_lines": []}, "FeatureEngineer": {"executed_lines": [96, 97, 98, 110, 111, 112, 113, 125, 127, 128, 129, 131, 132, 133, 145, 148, 151, 154, 155, 156, 157, 159, 160, 172, 176], "summary": {"covered_lines": 25, "num_statements": 31, "percent_covered": 80.64516129032258, "percent_covered_display": "81", "missing_lines": 6, "excluded_lines": 0}, "missing_lines": [146, 185, 186, 187, 188, 192], "excluded_lines": []}, "": {"executed_lines": [1, 9, 10, 11, 12, 13, 16, 17, 20, 21, 29, 39, 40, 55, 56, 68, 80, 85, 86, 94, 100, 115, 135, 162, 174, 178], "summary": {"covered_lines": 23, "num_statements": 23, "percent_covered": 100.0, "percent_covered_display": "100", "missing_lines": 0, "excluded_lines": 0}, "missing_lines": [], "excluded_lines": []}}}, "src/features/content_features.py": {"executed_lines": [1, 20, 21, 22, 23, 24, 25, 27, 29, 32, 33, 41, 43, 53, 56, 65, 72, 77, 90, 93, 94, 95, 97, 107, 110, 113, 116, 117, 118, 119, 120, 121, 122, 123, 126, 128, 129, 131, 144, 145, 147, 148, 150, 151, 153, 155, 168, 169, 171, 172, 173, 176, 177, 180, 181, 184, 185, 186, 189, 194, 207, 208, 210, 211, 212, 213, 214, 217, 218, 221, 223, 226, 231, 244, 245, 247, 248, 249, 252, 253, 256, 257, 259, 261, 262, 264, 269, 282, 283, 285, 286, 287, 290, 291, 294, 295, 297, 299, 302, 307, 320, 321, 323, 324, 325, 326, 327, 330, 331, 334, 338, 343, 356, 357, 359, 360, 361, 364, 365, 368, 369, 371, 372, 373, 374, 376, 381, 394, 395, 397, 398, 399, 400, 401, 404, 407, 408, 409, 410, 412, 417], "summary": {"covered_lines": 139, "num_statements": 179, "percent_covered": 77.6536312849162, "percent_covered_display": "78", "missing_lines": 40, "excluded_lines": 0}, "missing_lines": [91, 108, 187, 191, 192, 222, 224, 228, 229, 260, 266, 267, 298, 300, 304, 305, 335, 340, 341, 378, 379, 414, 415, 430, 431, 433, 434, 435, 436, 437, 440, 441, 442, 445, 446, 447, 448, 450, 452, 453], "excluded_lines": [], "functions": {"ContentFeatureExtractor.__init__": {"executed_lines": [43, 53, 56, 65, 72], "summary": {"covered_lines": 5, "num_statements": 5, "percent_covered": 100.0, "percent_covered_display": "100", "missing_lines": 0, "excluded_lines": 0}, "missing_lines": [], "excluded_lines": []}, "ContentFeatureExtractor.fit": {"executed_lines": [90, 93, 94, 95], "summary": {"covered_lines": 4, "num_statements": 5, "percent_covered": 80.0, "percent_covered_display": "80", "missing_lines": 1, "excluded_lines": 0}, "missing_lines": [91], "excluded_lines": []}, "ContentFeatureExtractor.transform": {"executed_lines": [107, 110, 113, 116, 117, 118, 119, 120, 121, 122, 123, 126, 128, 129], "summary": {"covered_lines": 14, "num_statements": 15, "percent_covered": 93.33333333333333, "percent_covered_display": "93", "missing_lines": 1, "excluded_lines": 0}, "missing_lines": [108], "excluded_lines": []}, "ContentFeatureExtractor._extract_suspicious_keywords": {"executed_lines": [144, 145, 147, 148, 150, 151, 153], "summary": {"covered_lines": 7, "num_statements": 7, "percent_covered": 100.0, "percent_covered_display": "100", "missing_lines": 0, "excluded_lines": 0}, "missing_lines": [], "excluded_lines": []}, "ContentFeatureExtractor._extract_form_count": {"executed_lines": [168, 169, 171, 172, 173, 176, 177, 180, 181, 184, 185, 186, 189], "summary": {"covered_lines": 13, "num_statements": 16, "percent_covered": 81.25, "percent_covered_display": "81", "missing_lines": 3, "excluded_lines": 0}, "missing_lines": [187, 191, 192], "excluded_lines": []}, "ContentFeatureExtractor._extract_external_link_ratio": {"executed_lines": [207, 208, 210, 211, 212, 213, 214, 217, 218, 221, 223, 226], "summary": {"covered_lines": 12, "num_statements": 16, "percent_covered": 75.0, "percent_covered_display": "75", "missing_lines": 4, "excluded_lines": 0}, "missing_lines": [222, 224, 228, 229], "excluded_lines": []}, "ContentFeatureExtractor._extract_image_text_ratio": {"executed_lines": [244, 245, 247, 248, 249, 252, 253, 256, 257, 259, 261, 262, 264], "summary": {"covered_lines": 13, "num_statements": 16, "percent_covered": 81.25, "percent_covered_display": "81", "missing_lines": 3, "excluded_lines": 0}, "missing_lines": [260, 266, 267], "excluded_lines": []}, "ContentFeatureExtractor._extract_javascript_ratio": {"executed_lines": [282, 283, 285, 286, 287, 290, 291, 294, 295, 297, 299, 302], "summary": {"covered_lines": 12, "num_statements": 16, "percent_covered": 75.0, "percent_covered_display": "75", "missing_lines": 4, "excluded_lines": 0}, "missing_lines": [298, 300, 304, 305], "excluded_lines": []}, "ContentFeatureExtractor._extract_load_time_score": {"executed_lines": [320, 321, 323, 324, 325, 326, 327, 330, 331, 334, 338], "summary": {"covered_lines": 11, "num_statements": 14, "percent_covered": 78.57142857142857, "percent_covered_display": "79", "missing_lines": 3, "excluded_lines": 0}, "missing_lines": [335, 340, 341], "excluded_lines": []}, "ContentFeatureExtractor._extract_meta_tag_count": {"executed_lines": [356, 357, 359, 360, 361, 364, 365, 368, 369, 371, 372, 373, 374, 376], "summary": {"covered_lines": 14, "num_statements": 16, "percent_covered": 87.5, "percent_covered_display": "88", "missing_lines": 2, "excluded_lines": 0}, "missing_lines": [378, 379], "excluded_lines": []}, "ContentFeatureExtractor._extract_title_length": {"executed_lines": [394, 395, 397, 398, 399, 400, 401, 404, 407, 408, 409, 410, 412], "summary": {"covered_lines": 13, "num_statements": 15, "percent_covered": 86.66666666666667, "percent_covered_display": "87", "missing_lines": 2, "excluded_lines": 0}, "missing_lines": [414, 415], "excluded_lines": []}, "ContentFeatureExtractor._extract_suspicious_tld_score": {"executed_lines": [], "summary": {"covered_lines": 0, "num_statements": 17, "percent_covered": 0.0, "percent_covered_display": "0", "missing_lines": 17, "excluded_lines": 0}, "missing_lines": [430, 431, 433, 434, 435, 436, 437, 440, 441, 442, 445, 446, 447, 448, 450, 452, 453], "excluded_lines": []}, "": {"executed_lines": [1, 20, 21, 22, 23, 24, 25, 27, 29, 32, 33, 41, 77, 97, 131, 155, 194, 231, 269, 307, 343, 381, 417], "summary": {"covered_lines": 21, "num_statements": 21, "percent_covered": 100.0, "percent_covered_display": "100", "missing_lines": 0, "excluded_lines": 0}, "missing_lines": [], "excluded_lines": []}}, "classes": {"ContentFeatureExtractor": {"executed_lines": [43, 53, 56, 65, 72, 90, 93, 94, 95, 107, 110, 113, 116, 117, 118, 119, 120, 121, 122, 123, 126, 128, 129, 144, 145, 147, 148, 150, 151, 153, 168, 169, 171, 172, 173, 176, 177, 180, 181, 184, 185, 186, 189, 207, 208, 210, 211, 212, 213, 214, 217, 218, 221, 223, 226, 244, 245, 247, 248, 249, 252, 253, 256, 257, 259, 261, 262, 264, 282, 283, 285, 286, 287, 290, 291, 294, 295, 297, 299, 302, 320, 321, 323, 324, 325, 326, 327, 330, 331, 334, 338, 356, 357, 359, 360, 361, 364, 365, 368, 369, 371, 372, 373, 374, 376, 394, 395, 397, 398, 399, 400, 401, 404, 407, 408, 409, 410, 412], "summary": {"covered_lines": 118, "num_statements": 158, "percent_covered": 74.68354430379746, "percent_covered_display": "75", "missing_lines": 40, "excluded_lines": 0}, "missing_lines": [91, 108, 187, 191, 192, 222, 224, 228, 229, 260, 266, 267, 298, 300, 304, 305, 335, 340, 341, 378, 379, 414, 415, 430, 431, 433, 434, 435, 436, 437, 440, 441, 442, 445, 446, 447, 448, 450, 452, 453], "excluded_lines": []}, "": {"executed_lines": [1, 20, 21, 22, 23, 24, 25, 27, 29, 32, 33, 41, 77, 97, 131, 155, 194, 231, 269, 307, 343, 381, 417], "summary": {"covered_lines": 21, "num_statements": 21, "percent_covered": 100.0, "percent_covered_display": "100", "missing_lines": 0, "excluded_lines": 0}, "missing_lines": [], "excluded_lines": []}}}, "src/features/domain_features.py": {"executed_lines": [1, 17, 18, 19, 20, 21, 22, 23, 25, 27, 30, 31, 39, 41, 49, 52, 67, 75, 80, 93, 96, 97, 98, 100, 110, 113, 116, 119, 120, 121, 122, 123, 124, 127, 129, 130, 132, 145, 146, 148, 149, 150, 151, 152, 156, 159, 160, 163, 164, 167, 168, 171, 176, 189, 190, 192, 193, 194, 195, 196, 200, 203, 204, 208, 211, 216, 229, 230, 232, 233, 234, 235, 236, 240, 243, 245, 247, 249, 251, 253, 255, 256, 259, 262, 267, 280, 281, 283, 284, 285, 286, 287, 291, 294, 295, 298, 302, 303, 306, 311, 324, 325, 327, 328, 329, 331, 332, 334, 337, 342, 355, 356, 358, 359, 360, 361, 362, 364], "summary": {"covered_lines": 116, "num_statements": 140, "percent_covered": 82.85714285714286, "percent_covered_display": "83", "missing_lines": 24, "excluded_lines": 0}, "missing_lines": [94, 111, 173, 174, 205, 209, 213, 214, 244, 246, 248, 250, 252, 254, 260, 264, 265, 299, 308, 309, 339, 340, 366, 367], "excluded_lines": [], "functions": {"DomainFeatureExtractor.__init__": {"executed_lines": [41, 49, 52, 67, 75], "summary": {"covered_lines": 5, "num_statements": 5, "percent_covered": 100.0, "percent_covered_display": "100", "missing_lines": 0, "excluded_lines": 0}, "missing_lines": [], "excluded_lines": []}, "DomainFeatureExtractor.fit": {"executed_lines": [93, 96, 97, 98], "summary": {"covered_lines": 4, "num_statements": 5, "percent_covered": 80.0, "percent_covered_display": "80", "missing_lines": 1, "excluded_lines": 0}, "missing_lines": [94], "excluded_lines": []}, "DomainFeatureExtractor.transform": {"executed_lines": [110, 113, 116, 119, 120, 121, 122, 123, 124, 127, 129, 130], "summary": {"covered_lines": 12, "num_statements": 13, "percent_covered": 92.3076923076923, "percent_covered_display": "92", "missing_lines": 1, "excluded_lines": 0}, "missing_lines": [111], "excluded_lines": []}, "DomainFeatureExtractor._extract_domain_age": {"executed_lines": [145, 146, 148, 149, 150, 151, 152, 156, 159, 160, 163, 164, 167, 168, 171], "summary": {"covered_lines": 15, "num_statements": 17, "percent_covered": 88.23529411764706, "percent_covered_display": "88", "missing_lines": 2, "excluded_lines": 0}, "missing_lines": [173, 174], "excluded_lines": []}, "DomainFeatureExtractor._extract_registrar_score": {"executed_lines": [189, 190, 192, 193, 194, 195, 196, 200, 203, 204, 208, 211], "summary": {"covered_lines": 12, "num_statements": 16, "percent_covered": 75.0, "percent_covered_display": "75", "missing_lines": 4, "excluded_lines": 0}, "missing_lines": [205, 209, 213, 214], "excluded_lines": []}, "DomainFeatureExtractor._extract_country_risk": {"executed_lines": [229, 230, 232, 233, 234, 235, 236, 240, 243, 245, 247, 249, 251, 253, 255, 256, 259, 262], "summary": {"covered_lines": 18, "num_statements": 27, "percent_covered": 66.66666666666667, "percent_covered_display": "67", "missing_lines": 9, "excluded_lines": 0}, "missing_lines": [244, 246, 248, 250, 252, 254, 260, 264, 265], "excluded_lines": []}, "DomainFeatureExtractor._extract_alexa_rank": {"executed_lines": [280, 281, 283, 284, 285, 286, 287, 291, 294, 295, 298, 302, 303, 306], "summary": {"covered_lines": 14, "num_statements": 17, "percent_covered": 82.3529411764706, "percent_covered_display": "82", "missing_lines": 3, "excluded_lines": 0}, "missing_lines": [299, 308, 309], "excluded_lines": []}, "DomainFeatureExtractor._extract_ssl_validity": {"executed_lines": [324, 325, 327, 328, 329, 331, 332, 334, 337], "summary": {"covered_lines": 9, "num_statements": 11, "percent_covered": 81.81818181818181, "percent_covered_display": "82", "missing_lines": 2, "excluded_lines": 0}, "missing_lines": [339, 340], "excluded_lines": []}, "DomainFeatureExtractor._extract_domain_length": {"executed_lines": [355, 356, 358, 359, 360, 361, 362, 364], "summary": {"covered_lines": 8, "num_statements": 10, "percent_covered": 80.0, "percent_covered_display": "80", "missing_lines": 2, "excluded_lines": 0}, "missing_lines": [366, 367], "excluded_lines": []}, "": {"executed_lines": [1, 17, 18, 19, 20, 21, 22, 23, 25, 27, 30, 31, 39, 80, 100, 132, 176, 216, 267, 311, 342], "summary": {"covered_lines": 19, "num_statements": 19, "percent_covered": 100.0, "percent_covered_display": "100", "missing_lines": 0, "excluded_lines": 0}, "missing_lines": [], "excluded_lines": []}}, "classes": {"DomainFeatureExtractor": {"executed_lines": [41, 49, 52, 67, 75, 93, 96, 97, 98, 110, 113, 116, 119, 120, 121, 122, 123, 124, 127, 129, 130, 145, 146, 148, 149, 150, 151, 152, 156, 159, 160, 163, 164, 167, 168, 171, 189, 190, 192, 193, 194, 195, 196, 200, 203, 204, 208, 211, 229, 230, 232, 233, 234, 235, 236, 240, 243, 245, 247, 249, 251, 253, 255, 256, 259, 262, 280, 281, 283, 284, 285, 286, 287, 291, 294, 295, 298, 302, 303, 306, 324, 325, 327, 328, 329, 331, 332, 334, 337, 355, 356, 358, 359, 360, 361, 362, 364], "summary": {"covered_lines": 97, "num_statements": 121, "percent_covered": 80.16528925619835, "percent_covered_display": "80", "missing_lines": 24, "excluded_lines": 0}, "missing_lines": [94, 111, 173, 174, 205, 209, 213, 214, 244, 246, 248, 250, 252, 254, 260, 264, 265, 299, 308, 309, 339, 340, 366, 367], "excluded_lines": []}, "": {"executed_lines": [1, 17, 18, 19, 20, 21, 22, 23, 25, 27, 30, 31, 39, 80, 100, 132, 176, 216, 267, 311, 342], "summary": {"covered_lines": 19, "num_statements": 19, "percent_covered": 100.0, "percent_covered_display": "100", "missing_lines": 0, "excluded_lines": 0}, "missing_lines": [], "excluded_lines": []}}}, "src/features/pipeline.py": {"executed_lines": [1, 9, 10, 11, 12, 13, 14, 16, 17, 18, 19, 21, 24, 25, 33, 40, 41, 42, 43, 46, 48, 50, 53, 56, 59, 62, 64, 65, 67, 77, 80, 83, 85, 86, 87, 89, 99, 100, 102, 105, 108, 111, 113, 114, 116, 126, 128, 138, 139, 141, 142, 145, 146, 147, 149, 159, 163, 164, 166, 170, 171, 172, 174, 177, 179, 181, 188, 194, 195, 197, 198, 200, 201, 204, 206, 208, 215, 218, 224, 225, 227, 237, 240, 242, 243, 244, 247, 248, 250, 251, 252, 253, 255, 256, 258, 274, 284], "summary": {"covered_lines": 95, "num_statements": 102, "percent_covered": 93.13725490196079, "percent_covered_display": "93", "missing_lines": 7, "excluded_lines": 0}, "missing_lines": [160, 167, 173, 175, 216, 238, 265], "excluded_lines": [], "functions": {"PhishingFeaturePipeline.__init__": {"executed_lines": [40, 41, 42, 43, 46], "summary": {"covered_lines": 5, "num_statements": 5, "percent_covered": 100.0, "percent_covered_display": "100", "missing_lines": 0, "excluded_lines": 0}, "missing_lines": [], "excluded_lines": []}, "PhishingFeaturePipeline._setup_extractors": {"executed_lines": [50, 53, 56, 59, 62, 64, 65], "summary": {"covered_lines": 7, "num_statements": 7, "percent_covered": 100.0, "percent_covered_display": "100", "missing_lines": 0, "excluded_lines": 0}, "missing_lines": [], "excluded_lines": []}, "PhishingFeaturePipeline.fit": {"executed_lines": [77, 80, 83, 85, 86, 87], "summary": {"covered_lines": 6, "num_statements": 6, "percent_covered": 100.0, "percent_covered_display": "100", "missing_lines": 0, "excluded_lines": 0}, "missing_lines": [], "excluded_lines": []}, "PhishingFeaturePipeline.transform": {"executed_lines": [99, 100, 102, 105, 108, 111, 113, 114], "summary": {"covered_lines": 8, "num_statements": 8, "percent_covered": 100.0, "percent_covered_display": "100", "missing_lines": 0, "excluded_lines": 0}, "missing_lines": [], "excluded_lines": []}, "PhishingFeaturePipeline.fit_transform": {"executed_lines": [126], "summary": {"covered_lines": 1, "num_statements": 1, "percent_covered": 100.0, "percent_covered_display": "100", "missing_lines": 0, "excluded_lines": 0}, "missing_lines": [], "excluded_lines": []}, "PhishingFeaturePipeline._validate_input_data": {"executed_lines": [138, 139, 141, 142, 145, 146, 147], "summary": {"covered_lines": 7, "num_statements": 7, "percent_covered": 100.0, "percent_covered_display": "100", "missing_lines": 0, "excluded_lines": 0}, "missing_lines": [], "excluded_lines": []}, "PhishingFeaturePipeline._validate_output_data": {"executed_lines": [159, 163, 164, 166, 170, 171, 172, 174], "summary": {"covered_lines": 8, "num_statements": 12, "percent_covered": 66.66666666666667, "percent_covered_display": "67", "missing_lines": 4, "excluded_lines": 0}, "missing_lines": [160, 167, 173, 175], "excluded_lines": []}, "PhishingFeaturePipeline.get_feature_names": {"executed_lines": [179], "summary": {"covered_lines": 1, "num_statements": 1, "percent_covered": 100.0, "percent_covered_display": "100", "missing_lines": 0, "excluded_lines": 0}, "missing_lines": [], "excluded_lines": []}, "PhishingFeaturePipeline.get_feature_categories": {"executed_lines": [188, 194, 195, 197, 198, 200, 201, 204, 206], "summary": {"covered_lines": 9, "num_statements": 9, "percent_covered": 100.0, "percent_covered_display": "100", "missing_lines": 0, "excluded_lines": 0}, "missing_lines": [], "excluded_lines": []}, "PhishingFeaturePipeline.save_pipeline": {"executed_lines": [215, 218, 224, 225], "summary": {"covered_lines": 4, "num_statements": 5, "percent_covered": 80.0, "percent_covered_display": "80", "missing_lines": 1, "excluded_lines": 0}, "missing_lines": [216], "excluded_lines": []}, "PhishingFeaturePipeline.load_pipeline": {"executed_lines": [237, 240, 242, 243, 244, 247, 248, 250, 251, 252, 253, 255, 256], "summary": {"covered_lines": 13, "num_statements": 14, "percent_covered": 92.85714285714286, "percent_covered_display": "93", "missing_lines": 1, "excluded_lines": 0}, "missing_lines": [238], "excluded_lines": []}, "PhishingFeaturePipeline.get_feature_importance_info": {"executed_lines": [], "summary": {"covered_lines": 0, "num_statements": 1, "percent_covered": 0.0, "percent_covered_display": "0", "missing_lines": 1, "excluded_lines": 0}, "missing_lines": [265], "excluded_lines": []}, "create_feature_pipeline": {"executed_lines": [284], "summary": {"covered_lines": 1, "num_statements": 1, "percent_covered": 100.0, "percent_covered_display": "100", "missing_lines": 0, "excluded_lines": 0}, "missing_lines": [], "excluded_lines": []}, "": {"executed_lines": [1, 9, 10, 11, 12, 13, 14, 16, 17, 18, 19, 21, 24, 25, 33, 48, 67, 89, 116, 128, 149, 177, 181, 208, 227, 258, 274], "summary": {"covered_lines": 25, "num_statements": 25, "percent_covered": 100.0, "percent_covered_display": "100", "missing_lines": 0, "excluded_lines": 0}, "missing_lines": [], "excluded_lines": []}}, "classes": {"PhishingFeaturePipeline": {"executed_lines": [40, 41, 42, 43, 46, 50, 53, 56, 59, 62, 64, 65, 77, 80, 83, 85, 86, 87, 99, 100, 102, 105, 108, 111, 113, 114, 126, 138, 139, 141, 142, 145, 146, 147, 159, 163, 164, 166, 170, 171, 172, 174, 179, 188, 194, 195, 197, 198, 200, 201, 204, 206, 215, 218, 224, 225, 237, 240, 242, 243, 244, 247, 248, 250, 251, 252, 253, 255, 256], "summary": {"covered_lines": 69, "num_statements": 76, "percent_covered": 90.78947368421052, "percent_covered_display": "91", "missing_lines": 7, "excluded_lines": 0}, "missing_lines": [160, 167, 173, 175, 216, 238, 265], "excluded_lines": []}, "": {"executed_lines": [1, 9, 10, 11, 12, 13, 14, 16, 17, 18, 19, 21, 24, 25, 33, 48, 67, 89, 116, 128, 149, 177, 181, 208, 227, 258, 274, 284], "summary": {"covered_lines": 26, "num_statements": 26, "percent_covered": 100.0, "percent_covered_display": "100", "missing_lines": 0, "excluded_lines": 0}, "missing_lines": [], "excluded_lines": []}}}, "src/features/url_features.py": {"executed_lines": [1, 17, 18, 19, 20, 21, 22, 24, 26, 29, 30, 38, 40, 48, 51, 54, 60, 62, 75, 76, 78, 79, 80, 82, 92, 95, 98, 101, 102, 103, 104, 105, 106, 109, 111, 112, 114, 127, 128, 129, 131, 144, 145, 147, 148, 149, 150, 151, 154, 155, 160, 173, 174, 176, 178, 191, 192, 194, 195, 196, 197, 198, 201, 206, 219, 220, 222, 224, 237, 238, 241, 242, 243, 245, 246, 248], "summary": {"covered_lines": 74, "num_statements": 79, "percent_covered": 93.67088607594937, "percent_covered_display": "94", "missing_lines": 5, "excluded_lines": 0}, "missing_lines": [93, 157, 158, 203, 204], "excluded_lines": [], "functions": {"URLFeatureExtractor.__init__": {"executed_lines": [40, 48, 51, 54, 60], "summary": {"covered_lines": 5, "num_statements": 5, "percent_covered": 100.0, "percent_covered_display": "100", "missing_lines": 0, "excluded_lines": 0}, "missing_lines": [], "excluded_lines": []}, "URLFeatureExtractor.fit": {"executed_lines": [75, 76, 78, 79, 80], "summary": {"covered_lines": 5, "num_statements": 5, "percent_covered": 100.0, "percent_covered_display": "100", "missing_lines": 0, "excluded_lines": 0}, "missing_lines": [], "excluded_lines": []}, "URLFeatureExtractor.transform": {"executed_lines": [92, 95, 98, 101, 102, 103, 104, 105, 106, 109, 111, 112], "summary": {"covered_lines": 12, "num_statements": 13, "percent_covered": 92.3076923076923, "percent_covered_display": "92", "missing_lines": 1, "excluded_lines": 0}, "missing_lines": [93], "excluded_lines": []}, "URLFeatureExtractor._extract_url_length": {"executed_lines": [127, 128, 129], "summary": {"covered_lines": 3, "num_statements": 3, "percent_covered": 100.0, "percent_covered_display": "100", "missing_lines": 0, "excluded_lines": 0}, "missing_lines": [], "excluded_lines": []}, "URLFeatureExtractor._extract_subdomain_count": {"executed_lines": [144, 145, 147, 148, 149, 150, 151, 154, 155], "summary": {"covered_lines": 9, "num_statements": 11, "percent_covered": 81.81818181818181, "percent_covered_display": "82", "missing_lines": 2, "excluded_lines": 0}, "missing_lines": [157, 158], "excluded_lines": []}, "URLFeatureExtractor._extract_suspicious_char_count": {"executed_lines": [173, 174, 176], "summary": {"covered_lines": 3, "num_statements": 3, "percent_covered": 100.0, "percent_covered_display": "100", "missing_lines": 0, "excluded_lines": 0}, "missing_lines": [], "excluded_lines": []}, "URLFeatureExtractor._detect_url_shortening": {"executed_lines": [191, 192, 194, 195, 196, 197, 198, 201], "summary": {"covered_lines": 8, "num_statements": 10, "percent_covered": 80.0, "percent_covered_display": "80", "missing_lines": 2, "excluded_lines": 0}, "missing_lines": [203, 204], "excluded_lines": []}, "URLFeatureExtractor._detect_ip_address": {"executed_lines": [219, 220, 222], "summary": {"covered_lines": 3, "num_statements": 3, "percent_covered": 100.0, "percent_covered_display": "100", "missing_lines": 0, "excluded_lines": 0}, "missing_lines": [], "excluded_lines": []}, "URLFeatureExtractor._extract_redirect_chain_length": {"executed_lines": [237, 238, 241, 242, 243, 245, 246, 248], "summary": {"covered_lines": 8, "num_statements": 8, "percent_covered": 100.0, "percent_covered_display": "100", "missing_lines": 0, "excluded_lines": 0}, "missing_lines": [], "excluded_lines": []}, "": {"executed_lines": [1, 17, 18, 19, 20, 21, 22, 24, 26, 29, 30, 38, 62, 82, 114, 131, 160, 178, 206, 224], "summary": {"covered_lines": 18, "num_statements": 18, "percent_covered": 100.0, "percent_covered_display": "100", "missing_lines": 0, "excluded_lines": 0}, "missing_lines": [], "excluded_lines": []}}, "classes": {"URLFeatureExtractor": {"executed_lines": [40, 48, 51, 54, 60, 75, 76, 78, 79, 80, 92, 95, 98, 101, 102, 103, 104, 105, 106, 109, 111, 112, 127, 128, 129, 144, 145, 147, 148, 149, 150, 151, 154, 155, 173, 174, 176, 191, 192, 194, 195, 196, 197, 198, 201, 219, 220, 222, 237, 238, 241, 242, 243, 245, 246, 248], "summary": {"covered_lines": 56, "num_statements": 61, "percent_covered": 91.80327868852459, "percent_covered_display": "92", "missing_lines": 5, "excluded_lines": 0}, "missing_lines": [93, 157, 158, 203, 204], "excluded_lines": []}, "": {"executed_lines": [1, 17, 18, 19, 20, 21, 22, 24, 26, 29, 30, 38, 62, 82, 114, 131, 160, 178, 206, 224], "summary": {"covered_lines": 18, "num_statements": 18, "percent_covered": 100.0, "percent_covered_display": "100", "missing_lines": 0, "excluded_lines": 0}, "missing_lines": [], "excluded_lines": []}}}, "src/pipeline.py": {"executed_lines": [], "summary": {"covered_lines": 0, "num_statements": 80, "percent_covered": 0.0, "percent_covered_display": "0", "missing_lines": 80, "excluded_lines": 0}, "missing_lines": [2, 3, 4, 5, 6, 7, 9, 10, 11, 12, 13, 16, 17, 19, 29, 30, 32, 34, 36, 38, 41, 42, 44, 46, 47, 48, 49, 52, 53, 56, 57, 58, 60, 61, 63, 66, 70, 71, 72, 75, 76, 79, 82, 83, 85, 86, 89, 90, 91, 92, 93, 96, 97, 98, 99, 102, 103, 104, 105, 108, 109, 110, 111, 112, 114, 115, 117, 118, 119, 120, 121, 122, 123, 124, 126, 128, 129, 130, 132, 133], "excluded_lines": [], "functions": {"main": {"executed_lines": [], "summary": {"covered_lines": 0, "num_statements": 64, "percent_covered": 0.0, "percent_covered_display": "0", "missing_lines": 64, "excluded_lines": 0}, "missing_lines": [29, 30, 32, 34, 36, 38, 41, 42, 44, 46, 47, 48, 49, 52, 53, 56, 57, 58, 60, 61, 63, 66, 70, 71, 72, 75, 76, 79, 82, 83, 85, 86, 89, 90, 91, 92, 93, 96, 97, 98, 99, 102, 103, 104, 105, 108, 109, 110, 111, 112, 114, 115, 117, 118, 119, 120, 121, 122, 123, 124, 126, 128, 129, 130], "excluded_lines": []}, "": {"executed_lines": [], "summary": {"covered_lines": 0, "num_statements": 16, "percent_covered": 0.0, "percent_covered_display": "0", "missing_lines": 16, "excluded_lines": 0}, "missing_lines": [2, 3, 4, 5, 6, 7, 9, 10, 11, 12, 13, 16, 17, 19, 132, 133], "excluded_lines": []}}, "classes": {"": {"executed_lines": [], "summary": {"covered_lines": 0, "num_statements": 80, "percent_covered": 0.0, "percent_covered_display": "0", "missing_lines": 80, "excluded_lines": 0}, "missing_lines": [2, 3, 4, 5, 6, 7, 9, 10, 11, 12, 13, 16, 17, 19, 29, 30, 32, 34, 36, 38, 41, 42, 44, 46, 47, 48, 49, 52, 53, 56, 57, 58, 60, 61, 63, 66, 70, 71, 72, 75, 76, 79, 82, 83, 85, 86, 89, 90, 91, 92, 93, 96, 97, 98, 99, 102, 103, 104, 105, 108, 109, 110, 111, 112, 114, 115, 117, 118, 119, 120, 121, 122, 123, 124, 126, 128, 129, 130, 132, 133], "excluded_lines": []}}}}, "totals": {"covered_lines": 480, "num_statements": 645, "percent_covered": 74.4186046511628, "percent_covered_display": "74", "missing_lines": 165, "excluded_lines": 0}}